[INFO] Scanning for projects...
[INFO] 
[INFO] ------------------------< com.example:winauth >-------------------------
[INFO] Building winauth 0.0.1-SNAPSHOT
[INFO]   from pom.xml
[INFO] --------------------------------[ jar ]---------------------------------
[INFO] 
[INFO] >>> spring-boot:2.7.18:run (default-cli) > test-compile @ winauth >>>
[WARNING] 1 problem was encountered while building the effective model for org.javassist:javassist:jar:3.20.0-GA during dependency collection step for project (use -X to see details)
[INFO] 
[INFO] --- resources:3.2.0:resources (default-resources) @ winauth ---
[INFO] Using 'UTF-8' encoding to copy filtered resources.
[INFO] Using 'UTF-8' encoding to copy filtered properties files.
[INFO] Copying 1 resource
[INFO] Copying 5 resources
[INFO] 
[INFO] --- compiler:3.10.1:compile (default-compile) @ winauth ---
[INFO] Nothing to compile - all classes are up to date
[INFO] 
[INFO] --- resources:3.2.0:testResources (default-testResources) @ winauth ---
[INFO] Using 'UTF-8' encoding to copy filtered resources.
[INFO] Using 'UTF-8' encoding to copy filtered properties files.
[INFO] skip non existing resourceDirectory /Users/hashiro/nodeprj/winauth/server/src/test/resources
[INFO] 
[INFO] --- compiler:3.10.1:testCompile (default-testCompile) @ winauth ---
[INFO] Nothing to compile - all classes are up to date
[INFO] 
[INFO] <<< spring-boot:2.7.18:run (default-cli) < test-compile @ winauth <<<
[INFO] 
[INFO] 
[INFO] --- spring-boot:2.7.18:run (default-cli) @ winauth ---
[INFO] Attaching agents: []
16:05:14.266 [Thread-0] DEBUG org.springframework.boot.devtools.restart.classloader.RestartClassLoader - Created RestartClassLoader org.springframework.boot.devtools.restart.classloader.RestartClassLoader@51423f58

  .   ____          _            __ _ _
 /\\ / ___'_ __ _ _(_)_ __  __ _ \ \ \ \
( ( )\___ | '_ | '_| | '_ \/ _` | \ \ \ \
 \\/  ___)| |_)| | | | | || (_| |  ) ) ) )
  '  |____| .__|_| |_|_| |_\__, | / / / /
 =========|_|==============|___/=/_/_/_/
 :: Spring Boot ::               (v2.7.18)

2025-07-22 16:05:14.424  INFO 24135 --- [  restartedMain] com.example.winauth.WinauthApplication   : Starting WinauthApplication using Java 11.0.28 on goblabnoAir.local.tld with PID 24135 (/Users/hashiro/nodeprj/winauth/server/target/classes started by hashiro in /Users/hashiro/nodeprj/winauth/server)
2025-07-22 16:05:14.424 DEBUG 24135 --- [  restartedMain] com.example.winauth.WinauthApplication   : Running with Spring Boot v2.7.18, Spring v5.3.31
2025-07-22 16:05:14.424  INFO 24135 --- [  restartedMain] com.example.winauth.WinauthApplication   : No active profile set, falling back to 1 default profile: "default"
2025-07-22 16:05:14.441  INFO 24135 --- [  restartedMain] .e.DevToolsPropertyDefaultsPostProcessor : Devtools property defaults active! Set 'spring.devtools.add-properties' to 'false' to disable
2025-07-22 16:05:14.441  INFO 24135 --- [  restartedMain] .e.DevToolsPropertyDefaultsPostProcessor : For additional web related logging consider setting the 'logging.level.web' property to 'DEBUG'
2025-07-22 16:05:14.634  INFO 24135 --- [  restartedMain] .s.d.r.c.RepositoryConfigurationDelegate : Bootstrapping Spring Data LDAP repositories in DEFAULT mode.
2025-07-22 16:05:14.638  INFO 24135 --- [  restartedMain] .s.d.r.c.RepositoryConfigurationDelegate : Finished Spring Data repository scanning in 2 ms. Found 0 LDAP repository interfaces.
2025-07-22 16:05:14.828  INFO 24135 --- [  restartedMain] o.s.b.w.embedded.tomcat.TomcatWebServer  : Tomcat initialized with port(s): 8081 (http)
2025-07-22 16:05:14.832  INFO 24135 --- [  restartedMain] o.apache.catalina.core.StandardService   : Starting service [Tomcat]
2025-07-22 16:05:14.832  INFO 24135 --- [  restartedMain] org.apache.catalina.core.StandardEngine  : Starting Servlet engine: [Apache Tomcat/9.0.83]
2025-07-22 16:05:14.857  INFO 24135 --- [  restartedMain] o.a.c.c.C.[Tomcat].[localhost].[/]       : Initializing Spring embedded WebApplicationContext
2025-07-22 16:05:14.857  INFO 24135 --- [  restartedMain] w.s.c.ServletWebServerApplicationContext : Root WebApplicationContext: initialization completed in 416 ms
2025-07-22 16:05:14.874  INFO 24135 --- [  restartedMain] w.s.s.SecurityFilterProviderCollection   : using 'waffle.servlet.spi.NegotiateSecurityFilterProvider'
2025-07-22 16:05:14.875 DEBUG 24135 --- [  restartedMain] waffle.spring.NegotiateSecurityFilter    : [waffle.spring.NegotiateSecurityFilter] loaded
2025-07-22 16:05:14.887 DEBUG 24135 --- [  restartedMain] waffle.spring.NegotiateSecurityFilter    : Filter 'negotiateSecurityFilter' configured for use
2025-07-22 16:05:14.910  WARN 24135 --- [  restartedMain] .s.s.UserDetailsServiceAutoConfiguration : 

Using generated security password: fb18d5b1-8527-4d86-aa40-a3f5ec520e95

This generated password is for development use only. Your security configuration must be updated before running your application in production.

2025-07-22 16:05:14.926 DEBUG 24135 --- [  restartedMain] w.s.NegotiateSecurityFilterEntryPoint    : [waffle.spring.NegotiateEntryPoint] loaded
2025-07-22 16:05:14.933 DEBUG 24135 --- [  restartedMain] edFilterInvocationSecurityMetadataSource : Adding web access control expression [permitAll] for Ant [pattern='/']
2025-07-22 16:05:14.935 DEBUG 24135 --- [  restartedMain] edFilterInvocationSecurityMetadataSource : Adding web access control expression [permitAll] for Ant [pattern='/home']
2025-07-22 16:05:14.936 DEBUG 24135 --- [  restartedMain] edFilterInvocationSecurityMetadataSource : Adding web access control expression [permitAll] for Ant [pattern='/error']
2025-07-22 16:05:14.936 DEBUG 24135 --- [  restartedMain] edFilterInvocationSecurityMetadataSource : Adding web access control expression [permitAll] for Ant [pattern='/login-error']
2025-07-22 16:05:14.936 DEBUG 24135 --- [  restartedMain] edFilterInvocationSecurityMetadataSource : Adding web access control expression [authenticated] for any request
2025-07-22 16:05:14.938  INFO 24135 --- [  restartedMain] o.s.s.web.DefaultSecurityFilterChain     : Will secure any request with [org.springframework.security.web.session.DisableEncodeUrlFilter@21004799, org.springframework.security.web.context.request.async.WebAsyncManagerIntegrationFilter@390ad326, org.springframework.security.web.context.SecurityContextPersistenceFilter@339c59fa, org.springframework.security.web.header.HeaderWriterFilter@1d799939, org.springframework.security.web.authentication.logout.LogoutFilter@614bdab5, waffle.spring.NegotiateSecurityFilter@1063d29e, org.springframework.security.web.savedrequest.RequestCacheAwareFilter@4f6da072, org.springframework.security.web.servletapi.SecurityContextHolderAwareRequestFilter@59783b9c, org.springframework.security.web.authentication.AnonymousAuthenticationFilter@2a4785e3, org.springframework.security.web.session.SessionManagementFilter@6dad5c09, org.springframework.security.web.access.ExceptionTranslationFilter@e3b54b0, org.springframework.security.web.access.intercept.FilterSecurityInterceptor@7b9650d8]
2025-07-22 16:05:14.996  INFO 24135 --- [  restartedMain] o.s.b.a.w.s.WelcomePageHandlerMapping    : Adding welcome page template: index
2025-07-22 16:05:15.067  INFO 24135 --- [  restartedMain] o.s.b.d.a.OptionalLiveReloadServer       : LiveReload server is running on port 35729
2025-07-22 16:05:15.081  INFO 24135 --- [  restartedMain] o.s.b.w.embedded.tomcat.TomcatWebServer  : Tomcat started on port(s): 8081 (http) with context path ''
2025-07-22 16:05:15.086  INFO 24135 --- [  restartedMain] com.example.winauth.WinauthApplication   : Started WinauthApplication in 0.815 seconds (JVM running for 0.988)
2025-07-22 16:05:23.584  INFO 24135 --- [nio-8081-exec-1] o.a.c.c.C.[Tomcat].[localhost].[/]       : Initializing Spring DispatcherServlet 'dispatcherServlet'
2025-07-22 16:05:23.584  INFO 24135 --- [nio-8081-exec-1] o.s.web.servlet.DispatcherServlet        : Initializing Servlet 'dispatcherServlet'
2025-07-22 16:05:23.585  INFO 24135 --- [nio-8081-exec-1] o.s.web.servlet.DispatcherServlet        : Completed initialization in 1 ms
2025-07-22 16:05:23.589 DEBUG 24135 --- [nio-8081-exec-1] o.s.security.web.FilterChainProxy        : Securing GET /api/secure
2025-07-22 16:05:23.590 DEBUG 24135 --- [nio-8081-exec-1] s.s.w.c.SecurityContextPersistenceFilter : Set SecurityContextHolder to empty SecurityContext
2025-07-22 16:05:23.591 DEBUG 24135 --- [nio-8081-exec-1] waffle.spring.NegotiateSecurityFilter    : GET /api/secure, contentlength: -1
2025-07-22 16:05:23.592 DEBUG 24135 --- [nio-8081-exec-1] o.s.s.w.a.AnonymousAuthenticationFilter  : Set SecurityContextHolder to anonymous SecurityContext
2025-07-22 16:05:23.596 DEBUG 24135 --- [nio-8081-exec-1] o.s.s.w.a.i.FilterSecurityInterceptor    : Failed to authorize filter invocation [GET /api/secure] with attributes [authenticated]
2025-07-22 16:05:23.607 DEBUG 24135 --- [nio-8081-exec-1] o.s.s.w.s.HttpSessionRequestCache        : Saved request http://localhost:8081/api/secure to session
2025-07-22 16:05:23.607 DEBUG 24135 --- [nio-8081-exec-1] w.s.NegotiateSecurityFilterEntryPoint    : [waffle.spring.NegotiateEntryPoint] commence
2025-07-22 16:05:23.607 DEBUG 24135 --- [nio-8081-exec-1] w.c.HttpSessionSecurityContextRepository : Did not store empty SecurityContext
2025-07-22 16:05:23.609 DEBUG 24135 --- [nio-8081-exec-1] w.c.HttpSessionSecurityContextRepository : Did not store empty SecurityContext
2025-07-22 16:05:23.610 DEBUG 24135 --- [nio-8081-exec-1] s.s.w.c.SecurityContextPersistenceFilter : Cleared SecurityContextHolder to complete request
2025-07-22 16:05:28.209 DEBUG 24135 --- [nio-8081-exec-2] o.s.security.web.FilterChainProxy        : Securing GET /api/secure
2025-07-22 16:05:28.209 DEBUG 24135 --- [nio-8081-exec-2] s.s.w.c.SecurityContextPersistenceFilter : Set SecurityContextHolder to empty SecurityContext
2025-07-22 16:05:28.209 DEBUG 24135 --- [nio-8081-exec-2] waffle.spring.NegotiateSecurityFilter    : GET /api/secure, contentlength: -1
2025-07-22 16:05:28.209 DEBUG 24135 --- [nio-8081-exec-2] o.s.s.w.a.AnonymousAuthenticationFilter  : Set SecurityContextHolder to anonymous SecurityContext
2025-07-22 16:05:28.210 DEBUG 24135 --- [nio-8081-exec-2] o.s.s.w.a.i.FilterSecurityInterceptor    : Failed to authorize filter invocation [GET /api/secure] with attributes [authenticated]
2025-07-22 16:05:28.210 DEBUG 24135 --- [nio-8081-exec-2] o.s.s.w.s.HttpSessionRequestCache        : Saved request http://localhost:8081/api/secure to session
2025-07-22 16:05:28.210 DEBUG 24135 --- [nio-8081-exec-2] w.s.NegotiateSecurityFilterEntryPoint    : [waffle.spring.NegotiateEntryPoint] commence
2025-07-22 16:05:28.210 DEBUG 24135 --- [nio-8081-exec-2] w.c.HttpSessionSecurityContextRepository : Did not store empty SecurityContext
2025-07-22 16:05:28.210 DEBUG 24135 --- [nio-8081-exec-2] w.c.HttpSessionSecurityContextRepository : Did not store empty SecurityContext
2025-07-22 16:05:28.210 DEBUG 24135 --- [nio-8081-exec-2] s.s.w.c.SecurityContextPersistenceFilter : Cleared SecurityContextHolder to complete request
2025-07-22 16:05:34.264 DEBUG 24135 --- [nio-8081-exec-4] o.s.security.web.FilterChainProxy        : Securing GET /api/
2025-07-22 16:05:34.264 DEBUG 24135 --- [nio-8081-exec-4] s.s.w.c.SecurityContextPersistenceFilter : Set SecurityContextHolder to empty SecurityContext
2025-07-22 16:05:34.264 DEBUG 24135 --- [nio-8081-exec-4] waffle.spring.NegotiateSecurityFilter    : GET /api/, contentlength: -1
2025-07-22 16:05:34.264 DEBUG 24135 --- [nio-8081-exec-4] o.s.s.w.a.AnonymousAuthenticationFilter  : Set SecurityContextHolder to anonymous SecurityContext
2025-07-22 16:05:34.264 DEBUG 24135 --- [nio-8081-exec-4] o.s.s.w.a.i.FilterSecurityInterceptor    : Failed to authorize filter invocation [GET /api/] with attributes [authenticated]
2025-07-22 16:05:34.265 DEBUG 24135 --- [nio-8081-exec-4] o.s.s.w.s.HttpSessionRequestCache        : Saved request http://localhost:8081/api/ to session
2025-07-22 16:05:34.265 DEBUG 24135 --- [nio-8081-exec-4] w.s.NegotiateSecurityFilterEntryPoint    : [waffle.spring.NegotiateEntryPoint] commence
2025-07-22 16:05:34.265 DEBUG 24135 --- [nio-8081-exec-4] w.c.HttpSessionSecurityContextRepository : Did not store empty SecurityContext
2025-07-22 16:05:34.265 DEBUG 24135 --- [nio-8081-exec-4] w.c.HttpSessionSecurityContextRepository : Did not store empty SecurityContext
2025-07-22 16:05:34.265 DEBUG 24135 --- [nio-8081-exec-4] s.s.w.c.SecurityContextPersistenceFilter : Cleared SecurityContextHolder to complete request
[INFO] ------------------------------------------------------------------------
[INFO] BUILD FAILURE
[INFO] ------------------------------------------------------------------------
[INFO] Total time:  28.750 s
[INFO] Finished at: 2025-07-22T16:05:42+09:00
[INFO] ------------------------------------------------------------------------
[ERROR] Failed to execute goal org.springframework.boot:spring-boot-maven-plugin:2.7.18:run (default-cli) on project winauth: Application finished with exit code: 143 -> [Help 1]
[ERROR] 
[ERROR] To see the full stack trace of the errors, re-run Maven with the -e switch.
[ERROR] Re-run Maven using the -X switch to enable full debug logging.
[ERROR] 
[ERROR] For more information about the errors and possible solutions, please read the following articles:
[ERROR] [Help 1] http://cwiki.apache.org/confluence/display/MAVEN/MojoExecutionException
